mode: set
github.com/numary/payment/pkg/health.go:11.59,12.54 1 0
github.com/numary/payment/pkg/health.go:12.54,15.17 3 0
github.com/numary/payment/pkg/health.go:19.3,19.31 1 0
github.com/numary/payment/pkg/health.go:15.17,18.4 2 0
github.com/numary/payment/pkg/health.go:23.37,24.54 1 0
github.com/numary/payment/pkg/health.go:24.54,26.3 1 0
github.com/numary/payment/pkg/http.go:16.75,17.12 1 0
github.com/numary/payment/pkg/http.go:20.75,22.2 1 0
github.com/numary/payment/pkg/http.go:24.54,25.54 1 1
github.com/numary/payment/pkg/http.go:25.54,29.52 3 1
github.com/numary/payment/pkg/http.go:36.3,36.55 1 1
github.com/numary/payment/pkg/http.go:43.3,43.51 1 1
github.com/numary/payment/pkg/http.go:68.3,69.17 2 1
github.com/numary/payment/pkg/http.go:73.3,77.17 4 1
github.com/numary/payment/pkg/http.go:81.3,82.17 2 1
github.com/numary/payment/pkg/http.go:29.52,31.18 2 0
github.com/numary/payment/pkg/http.go:31.18,34.5 2 0
github.com/numary/payment/pkg/http.go:36.55,38.18 2 1
github.com/numary/payment/pkg/http.go:38.18,41.5 2 0
github.com/numary/payment/pkg/http.go:43.51,44.28 1 1
github.com/numary/payment/pkg/http.go:44.28,47.23 3 1
github.com/numary/payment/pkg/http.go:57.5,58.20 2 1
github.com/numary/payment/pkg/http.go:61.5,64.7 1 1
github.com/numary/payment/pkg/http.go:47.23,48.22 1 1
github.com/numary/payment/pkg/http.go:49.24,49.24 0 0
github.com/numary/payment/pkg/http.go:50.40,51.18 1 1
github.com/numary/payment/pkg/http.go:52.14,54.13 2 0
github.com/numary/payment/pkg/http.go:58.20,60.6 1 1
github.com/numary/payment/pkg/http.go:69.17,72.4 2 0
github.com/numary/payment/pkg/http.go:77.17,80.4 2 0
github.com/numary/payment/pkg/http.go:82.17,85.4 2 0
github.com/numary/payment/pkg/http.go:89.55,90.54 1 1
github.com/numary/payment/pkg/http.go:90.54,94.17 3 1
github.com/numary/payment/pkg/http.go:99.3,100.17 2 1
github.com/numary/payment/pkg/http.go:105.3,108.17 4 1
github.com/numary/payment/pkg/http.go:94.17,97.4 2 0
github.com/numary/payment/pkg/http.go:100.17,103.4 2 0
github.com/numary/payment/pkg/http.go:108.17,111.4 2 0
github.com/numary/payment/pkg/http.go:115.55,116.54 1 1
github.com/numary/payment/pkg/http.go:116.54,119.17 3 1
github.com/numary/payment/pkg/http.go:124.3,125.17 2 1
github.com/numary/payment/pkg/http.go:129.3,129.16 1 1
github.com/numary/payment/pkg/http.go:134.3,134.31 1 1
github.com/numary/payment/pkg/http.go:119.17,122.4 2 0
github.com/numary/payment/pkg/http.go:125.17,128.4 2 0
github.com/numary/payment/pkg/http.go:129.16,132.4 2 0
github.com/numary/payment/pkg/http.go:138.42,147.2 7 1
github.com/numary/payment/pkg/logger.go:16.80,18.25 2 0
github.com/numary/payment/pkg/logger.go:21.2,27.5 1 0
github.com/numary/payment/pkg/logger.go:18.25,20.3 1 0
github.com/numary/payment/pkg/logger.go:32.129,39.2 1 0
github.com/numary/payment/pkg/logger.go:42.39,43.18 1 0
github.com/numary/payment/pkg/logger.go:46.2,46.18 1 0
github.com/numary/payment/pkg/logger.go:49.2,50.16 2 0
github.com/numary/payment/pkg/logger.go:53.2,53.41 1 0
github.com/numary/payment/pkg/logger.go:43.18,45.3 1 0
github.com/numary/payment/pkg/logger.go:46.18,48.3 1 0
github.com/numary/payment/pkg/logger.go:50.16,52.3 1 0
github.com/numary/payment/pkg/middleware.go:13.68,15.63 2 1
github.com/numary/payment/pkg/middleware.go:18.2,21.16 3 1
github.com/numary/payment/pkg/middleware.go:24.2,24.69 1 1
github.com/numary/payment/pkg/middleware.go:29.2,29.29 1 0
github.com/numary/payment/pkg/middleware.go:15.63,17.3 1 0
github.com/numary/payment/pkg/middleware.go:21.16,23.3 1 0
github.com/numary/payment/pkg/middleware.go:24.69,25.21 1 1
github.com/numary/payment/pkg/middleware.go:25.21,27.4 1 1
github.com/numary/payment/pkg/middleware.go:32.76,33.43 1 1
github.com/numary/payment/pkg/middleware.go:33.43,34.72 1 1
github.com/numary/payment/pkg/middleware.go:34.72,36.15 2 1
github.com/numary/payment/pkg/middleware.go:44.4,44.21 1 1
github.com/numary/payment/pkg/middleware.go:37.30,39.11 2 0
github.com/numary/payment/pkg/middleware.go:40.13,40.13 0 1
github.com/numary/payment/pkg/middleware.go:41.12,42.43 1 0
github.com/numary/payment/pkg/middleware.go:49.92,50.89 1 1
github.com/numary/payment/pkg/middleware.go:60.2,60.16 1 1
github.com/numary/payment/pkg/middleware.go:63.2,63.10 1 1
github.com/numary/payment/pkg/middleware.go:50.89,52.17 2 1
github.com/numary/payment/pkg/middleware.go:55.3,55.48 1 1
github.com/numary/payment/pkg/middleware.go:58.3,58.13 1 1
github.com/numary/payment/pkg/middleware.go:52.17,54.4 1 0
github.com/numary/payment/pkg/middleware.go:55.48,57.4 1 1
github.com/numary/payment/pkg/middleware.go:60.16,61.13 1 0
github.com/numary/payment/pkg/middleware.go:66.100,67.43 1 0
github.com/numary/payment/pkg/middleware.go:67.43,68.72 1 0
github.com/numary/payment/pkg/middleware.go:68.72,69.17 1 0
github.com/numary/payment/pkg/middleware.go:75.4,75.21 1 0
github.com/numary/payment/pkg/middleware.go:69.17,70.33 1 0
github.com/numary/payment/pkg/middleware.go:70.33,73.6 2 0
github.com/numary/payment/pkg/payment.go:49.36,54.2 1 1
github.com/numary/payment/pkg/service.go:33.131,35.26 2 1
github.com/numary/payment/pkg/service.go:38.2,38.27 1 1
github.com/numary/payment/pkg/service.go:41.2,41.56 1 1
github.com/numary/payment/pkg/service.go:56.2,58.10 1 1
github.com/numary/payment/pkg/service.go:35.26,37.3 1 0
github.com/numary/payment/pkg/service.go:38.27,40.3 1 1
github.com/numary/payment/pkg/service.go:41.56,43.37 2 1
github.com/numary/payment/pkg/service.go:54.3,54.28 1 1
github.com/numary/payment/pkg/service.go:43.37,46.23 1 1
github.com/numary/payment/pkg/service.go:46.23,47.16 1 1
github.com/numary/payment/pkg/service.go:50.6,50.14 1 0
github.com/numary/payment/pkg/service.go:47.16,49.7 1 1
github.com/numary/payment/pkg/service.go:61.106,70.16 3 1
github.com/numary/payment/pkg/service.go:73.2,73.22 1 1
github.com/numary/payment/pkg/service.go:70.16,72.3 1 0
github.com/numary/payment/pkg/service.go:76.122,83.16 2 1
github.com/numary/payment/pkg/service.go:86.2,86.28 1 1
github.com/numary/payment/pkg/service.go:89.2,89.18 1 1
github.com/numary/payment/pkg/service.go:83.16,85.3 1 0
github.com/numary/payment/pkg/service.go:86.28,88.3 1 1
github.com/numary/payment/pkg/service.go:94.70,98.2 1 1
github.com/numary/payment/cmd/root.go:64.54,66.31 1 0
github.com/numary/payment/cmd/root.go:70.3,70.36 1 0
github.com/numary/payment/cmd/root.go:79.3,80.23 2 0
github.com/numary/payment/cmd/root.go:84.3,85.28 2 0
github.com/numary/payment/cmd/root.go:89.3,90.20 2 0
github.com/numary/payment/cmd/root.go:94.3,95.17 2 0
github.com/numary/payment/cmd/root.go:99.3,101.17 3 0
github.com/numary/payment/cmd/root.go:105.3,108.17 4 0
github.com/numary/payment/cmd/root.go:112.3,114.36 2 0
github.com/numary/payment/cmd/root.go:173.3,176.36 3 0
github.com/numary/payment/cmd/root.go:180.3,187.62 3 0
github.com/numary/payment/cmd/root.go:208.3,213.47 5 0
github.com/numary/payment/cmd/root.go:66.31,68.4 1 0
github.com/numary/payment/cmd/root.go:70.36,77.4 1 0
github.com/numary/payment/cmd/root.go:80.23,82.4 1 0
github.com/numary/payment/cmd/root.go:85.28,87.4 1 0
github.com/numary/payment/cmd/root.go:90.20,92.4 1 0
github.com/numary/payment/cmd/root.go:95.17,97.4 1 0
github.com/numary/payment/cmd/root.go:101.17,103.4 1 0
github.com/numary/payment/cmd/root.go:108.17,110.4 1 0
github.com/numary/payment/cmd/root.go:114.36,116.51 2 0
github.com/numary/payment/cmd/root.go:155.4,155.18 1 0
github.com/numary/payment/cmd/root.go:159.4,170.43 4 0
github.com/numary/payment/cmd/root.go:117.18,118.67 1 0
github.com/numary/payment/cmd/root.go:119.18,121.78 2 0
github.com/numary/payment/cmd/root.go:124.5,124.86 1 0
github.com/numary/payment/cmd/root.go:127.5,127.90 1 0
github.com/numary/payment/cmd/root.go:130.5,130.73 1 0
github.com/numary/payment/cmd/root.go:131.16,133.60 2 0
github.com/numary/payment/cmd/root.go:153.5,153.64 1 0
github.com/numary/payment/cmd/root.go:121.78,123.6 1 0
github.com/numary/payment/cmd/root.go:124.86,126.6 1 0
github.com/numary/payment/cmd/root.go:127.90,129.6 1 0
github.com/numary/payment/cmd/root.go:134.17,136.81 2 0
github.com/numary/payment/cmd/root.go:139.6,139.89 1 0
github.com/numary/payment/cmd/root.go:142.6,142.50 1 0
github.com/numary/payment/cmd/root.go:143.17,145.81 2 0
github.com/numary/payment/cmd/root.go:148.6,148.89 1 0
github.com/numary/payment/cmd/root.go:151.6,151.40 1 0
github.com/numary/payment/cmd/root.go:136.81,138.7 1 0
github.com/numary/payment/cmd/root.go:139.89,141.7 1 0
github.com/numary/payment/cmd/root.go:145.81,147.7 1 0
github.com/numary/payment/cmd/root.go:148.89,150.7 1 0
github.com/numary/payment/cmd/root.go:155.18,157.5 1 0
github.com/numary/payment/cmd/root.go:176.36,178.4 1 0
github.com/numary/payment/cmd/root.go:187.62,188.38 1 0
github.com/numary/payment/cmd/root.go:188.38,189.29 1 0
github.com/numary/payment/cmd/root.go:190.17,192.69 2 0
github.com/numary/payment/cmd/root.go:193.14,195.78 2 0
github.com/numary/payment/cmd/root.go:197.11,200.6 2 0
github.com/numary/payment/cmd/root.go:217.16,219.16 2 0
github.com/numary/payment/cmd/root.go:219.16,221.3 1 0
github.com/numary/payment/cmd/root.go:224.13,243.2 17 1
github.com/numary/payment/main.go:5.13,7.2 1 0
